[19:07:35] [main/INFO]: Setting user: Player516
[19:07:39] [main/WARN]: Skipping bad option: lastServer:
[19:07:39] [main/INFO]: LWJGL Version: 2.9.4
[19:07:43] [main/INFO]: Reloading ResourceManager: Default, FMLFileResourcePack:Forge Mod Loader, FMLFileResourcePack:Minecraft Forge, FMLFileResourcePack:MythoCraft
[19:07:46] [Sound Library Loader/INFO]: Starting up SoundSystem...
[19:07:46] [Thread-5/INFO]: Initializing LWJGL OpenAL
[19:07:46] [Thread-5/INFO]: (The LWJGL binding of OpenAL.  For more information, see http://www.lwjgl.org)
[19:07:46] [Thread-5/INFO]: OpenAL initialized.
[19:07:46] [Sound Library Loader/INFO]: Sound engine started
[19:07:50] [main/WARN]: Texture mc:textures/items/meteoric_iron_ingot.png with size 150x150 will have visual artifacts at mip level 4, it can only support level 1. Please report to the mod author that the texture should be some multiple of 16x16.
[19:07:50] [main/WARN]: Texture mc:textures/items/stygian_iron_ingot.png with size 239x239 will have visual artifacts at mip level 4, it can only support level 0. Please report to the mod author that the texture should be some multiple of 16x16.
[19:07:50] [main/INFO]: Created: 1024x1024 textures-atlas
[19:07:52] [main/WARN]: Skipping bad option: lastServer:
[19:07:52] [main/INFO]: Narrator library for x64 successfully loaded
[19:07:53] [Realms Notification Availability checker #1/INFO]: Could not authorize you against Realms server: Invalid session id
[19:07:56] [Server thread/INFO]: Starting integrated minecraft server version 1.12.2
[19:07:56] [Server thread/INFO]: Generating keypair
[19:07:57] [Server thread/INFO]: Loaded 488 advancements
[19:07:57] [Server thread/INFO]: Preparing start region for level 0
[19:07:58] [Server thread/INFO]: Preparing spawn area: 84%
[19:07:58] [Server thread/INFO]: Changing view distance to 12, from 10
[19:08:00] [Server thread/INFO]: Player516[local:E:d1935de0] logged in with entity id 235 at (35.03502312250945, 64.0, 322.82109939735903)
[19:08:00] [Server thread/INFO]: Player516 joined the game
[19:08:01] [Server thread/INFO]: Saving and pausing game...
[19:08:01] [Server thread/INFO]: Saving chunks for level 'TEST'/overworld
[19:08:01] [Server thread/INFO]: Saving chunks for level 'TEST'/the_nether
[19:08:01] [Server thread/INFO]: Saving chunks for level 'TEST'/the_end
[19:08:01] [pool-2-thread-1/WARN]: Couldn't look up profile properties for com.mojang.authlib.GameProfile@3654b929[id=492dc575-b72e-3d83-b2fd-33ab63727150,name=Player516,properties={},legacy=false]
com.mojang.authlib.exceptions.AuthenticationException: The client has sent too many requests within a certain amount of time
	at com.mojang.authlib.yggdrasil.YggdrasilAuthenticationService.makeRequest(YggdrasilAuthenticationService.java:79) ~[YggdrasilAuthenticationService.class:?]
	at com.mojang.authlib.yggdrasil.YggdrasilMinecraftSessionService.fillGameProfile(YggdrasilMinecraftSessionService.java:180) [YggdrasilMinecraftSessionService.class:?]
	at com.mojang.authlib.yggdrasil.YggdrasilMinecraftSessionService$1.load(YggdrasilMinecraftSessionService.java:60) [YggdrasilMinecraftSessionService$1.class:?]
	at com.mojang.authlib.yggdrasil.YggdrasilMinecraftSessionService$1.load(YggdrasilMinecraftSessionService.java:57) [YggdrasilMinecraftSessionService$1.class:?]
	at com.google.common.cache.LocalCache$LoadingValueReference.loadFuture(LocalCache.java:3716) [guava-21.0.jar:?]
	at com.google.common.cache.LocalCache$Segment.loadSync(LocalCache.java:2424) [guava-21.0.jar:?]
	at com.google.common.cache.LocalCache$Segment.lockedGetOrLoad(LocalCache.java:2298) [guava-21.0.jar:?]
	at com.google.common.cache.LocalCache$Segment.get(LocalCache.java:2211) [guava-21.0.jar:?]
	at com.google.common.cache.LocalCache.get(LocalCache.java:4154) [guava-21.0.jar:?]
	at com.google.common.cache.LocalCache.getOrLoad(LocalCache.java:4158) [guava-21.0.jar:?]
	at com.google.common.cache.LocalCache$LocalLoadingCache.get(LocalCache.java:5147) [guava-21.0.jar:?]
	at com.google.common.cache.LocalCache$LocalLoadingCache.getUnchecked(LocalCache.java:5153) [guava-21.0.jar:?]
	at com.mojang.authlib.yggdrasil.YggdrasilMinecraftSessionService.fillProfileProperties(YggdrasilMinecraftSessionService.java:170) [YggdrasilMinecraftSessionService.class:?]
	at net.minecraft.client.Minecraft.getProfileProperties(Minecraft.java:3188) [Minecraft.class:?]
	at net.minecraft.client.resources.SkinManager$3.run(SkinManager.java:138) [SkinManager$3.class:?]
	at java.util.concurrent.Executors$RunnableAdapter.call(Unknown Source) [?:1.8.0_161]
	at java.util.concurrent.FutureTask.run(Unknown Source) [?:1.8.0_161]
	at java.util.concurrent.ThreadPoolExecutor.runWorker(Unknown Source) [?:1.8.0_161]
	at java.util.concurrent.ThreadPoolExecutor$Worker.run(Unknown Source) [?:1.8.0_161]
	at java.lang.Thread.run(Unknown Source) [?:1.8.0_161]
[19:08:24] [main/INFO]: Loaded 18 advancements
[19:08:58] [Server thread/INFO]: Saving and pausing game...
[19:08:58] [Server thread/INFO]: Saving chunks for level 'TEST'/overworld
[19:08:58] [Server thread/INFO]: Saving chunks for level 'TEST'/the_nether
[19:08:58] [Server thread/INFO]: Saving chunks for level 'TEST'/the_end
[19:09:00] [Server thread/INFO]: Stopping server
[19:09:00] [Server thread/INFO]: Saving players
[19:09:00] [Server thread/INFO]: Player516 lost connection: Disconnected
[19:09:00] [Server thread/INFO]: Player516 left the game
[19:09:00] [Server thread/INFO]: Stopping singleplayer server as player logged out
[19:09:00] [Server thread/INFO]: Saving worlds
[19:09:00] [Server thread/INFO]: Saving chunks for level 'TEST'/overworld
[19:09:00] [Server thread/INFO]: Saving chunks for level 'TEST'/the_nether
[19:09:00] [Server thread/INFO]: Saving chunks for level 'TEST'/the_end
[19:46:58] [Server thread/INFO]: Starting integrated minecraft server version 1.12.2
[19:46:58] [Server thread/INFO]: Generating keypair
[19:46:58] [Server thread/INFO]: Loaded 488 advancements
[19:46:58] [Server thread/INFO]: Preparing start region for level 0
[19:46:59] [Server thread/INFO]: Changing view distance to 12, from 10
[19:46:59] [Server thread/INFO]: Player516[local:E:7199b398] logged in with entity id 803 at (35.26461886594586, 64.0, 329.06708401914165)
[19:46:59] [Server thread/INFO]: Player516 joined the game
[19:47:00] [Server thread/INFO]: Saving and pausing game...
[19:47:00] [Server thread/INFO]: Saving chunks for level 'TEST'/overworld
[19:47:00] [main/INFO]: Loaded 18 advancements
[19:47:00] [Server thread/INFO]: Saving chunks for level 'TEST'/the_nether
[19:47:00] [Server thread/INFO]: Saving chunks for level 'TEST'/the_end
[19:47:49] [Server thread/INFO]: [Player516: Set the time to 1000]
[19:47:49] [main/INFO]: [CHAT] Set the time to 1000
[19:47:58] [main/INFO]: Loaded 21 advancements
[19:50:09] [main/INFO]: [CHAT] Usage: /gamemode <mode> [player]
[19:50:11] [Server thread/INFO]: [Player516: Set own game mode to Survival Mode]
[19:50:11] [main/INFO]: [CHAT] Your game mode has been updated to Survival Mode
[19:50:14] [Server thread/INFO]: [Player516: Set own game mode to Creative Mode]
[19:50:14] [main/INFO]: [CHAT] Your game mode has been updated to Creative Mode
[20:33:37] [main/INFO]: Stopping!
[20:33:37] [Server thread/INFO]: Stopping server
[20:33:37] [Server thread/INFO]: Saving players
[20:33:37] [Server thread/INFO]: Saving worlds
[20:33:37] [Server thread/INFO]: Saving chunks for level 'TEST'/overworld
[20:33:37] [Server thread/INFO]: Saving chunks for level 'TEST'/the_nether
[20:33:37] [Server thread/INFO]: Saving chunks for level 'TEST'/the_end
[20:33:37] [main/INFO]: SoundSystem shutting down...
[20:33:38] [main/WARN]: Author: Paul Lamb, www.paulscode.com
